<?xml version="1.0" encoding="UTF-8"?>
<testsuite xmlns:xsi="http://www.w3.org/2001/XMLSchema-instance" xsi:noNamespaceSchemaLocation="https://maven.apache.org/surefire/maven-surefire-plugin/xsd/surefire-test-report-3.0.xsd" version="3.0" name="HelloTest" time="0.024" tests="7" errors="0" skipped="0" failures="0">
  <properties>
[...]
</properties>
  <testcase name="testMainOutputNotEmpty" classname="HelloTest" time="0.01"/>
  <testcase name="testMainPrintsHelloWorld" classname="HelloTest" time="0.001"/>
  <testcase name="testMainOutputEndsWithNewline" classname="HelloTest" time="0.0"/>
  <testcase name="testMainOutputContainsHello" classname="HelloTest" time="0.0"/>
  <testcase name="testMainOutputContainsWorld" classname="HelloTest" time="0.001"/>
  <testcase name="testMainOutputNotNull" classname="HelloTest" time="0.001"/>
  <testcase name="testMainOutputExactFormat" classname="HelloTest" time="0.0"/>
</testsuite>